-------------------------------------------------------------------------------
Test set: com.ewolff.microservice.order.logic.CustomerConsumerDrivenContractTest
-------------------------------------------------------------------------------
Tests run: 3, Failures: 0, Errors: 3, Skipped: 0, Time elapsed: 7.732 s <<< FAILURE! - in com.ewolff.microservice.order.logic.CustomerConsumerDrivenContractTest
testFindAll  Time elapsed: 0 s  <<< ERROR!
java.lang.IllegalStateException: Failed to load ApplicationContext
Caused by: org.springframework.beans.factory.BeanCreationException: Error creating bean with name 'catalogClient' defined in file [/Users/rj/Documents/DEVOPS/Docker/ASSIGNMENTS_ROGERS/microservice-kubernetes/microservice-kubernetes-demo/microservice-kubernetes-demo-order/target/classes/com/ewolff/microservice/order/clients/CatalogClient.class]: Unexpected exception during bean creation; nested exception is java.lang.IllegalArgumentException: Could not resolve placeholder 'server.port' in value "${server.port}"
Caused by: java.lang.IllegalArgumentException: Could not resolve placeholder 'server.port' in value "${server.port}"

testValidCustomerId  Time elapsed: 0.001 s  <<< ERROR!
java.lang.IllegalStateException: Failed to load ApplicationContext
Caused by: org.springframework.beans.factory.BeanCreationException: Error creating bean with name 'catalogClient' defined in file [/Users/rj/Documents/DEVOPS/Docker/ASSIGNMENTS_ROGERS/microservice-kubernetes/microservice-kubernetes-demo/microservice-kubernetes-demo-order/target/classes/com/ewolff/microservice/order/clients/CatalogClient.class]: Unexpected exception during bean creation; nested exception is java.lang.IllegalArgumentException: Could not resolve placeholder 'server.port' in value "${server.port}"
Caused by: java.lang.IllegalArgumentException: Could not resolve placeholder 'server.port' in value "${server.port}"

testGetOne  Time elapsed: 0 s  <<< ERROR!
java.lang.IllegalStateException: Failed to load ApplicationContext
Caused by: org.springframework.beans.factory.BeanCreationException: Error creating bean with name 'catalogClient' defined in file [/Users/rj/Documents/DEVOPS/Docker/ASSIGNMENTS_ROGERS/microservice-kubernetes/microservice-kubernetes-demo/microservice-kubernetes-demo-order/target/classes/com/ewolff/microservice/order/clients/CatalogClient.class]: Unexpected exception during bean creation; nested exception is java.lang.IllegalArgumentException: Could not resolve placeholder 'server.port' in value "${server.port}"
Caused by: java.lang.IllegalArgumentException: Could not resolve placeholder 'server.port' in value "${server.port}"

